[  906571ms] ReferenceError: useWorkflowStore is not defined
    at RightPanel (http://localhost:5173/src/components/panel/RightPanel.tsx?t=1771463519554:12:21)
    at Object.react_stack_bottom_frame (http://localhost:5173/node_modules/.vite/deps/react-dom_client.js?v=8966cdbb:18509:20)
    at renderWithHooks (http://localhost:5173/node_modules/.vite/deps/react-dom_client.js?v=8966cdbb:5654:24)
    at updateFunctionComponent (http://localhost:5173/node_modules/.vite/deps/react-dom_client.js?v=8966cdbb:7475:21)
    at beginWork (http://localhost:5173/node_modules/.vite/deps/react-dom_client.js?v=8966cdbb:8525:20)
    at runWithFiberInDEV (http://localhost:5173/node_modules/.vite/deps/react-dom_client.js?v=8966cdbb:997:72)
    at performUnitOfWork (http://localhost:5173/node_modules/.vite/deps/react-dom_client.js?v=8966cdbb:12561:98)
    at workLoopSync (http://localhost:5173/node_modules/.vite/deps/react-dom_client.js?v=8966cdbb:12424:43)
    at renderRootSync (http://localhost:5173/node_modules/.vite/deps/react-dom_client.js?v=8966cdbb:12408:13)
    at performWorkOnRoot (http://localhost:5173/node_modules/.vite/deps/react-dom_client.js?v=8966cdbb:11827:37)
[  906570ms] [WARNING] %s

%s
 An error occurred in the <RightPanel> component. Consider adding an error boundary to your tree to customize error handling behavior.
Visit https://react.dev/link/error-boundaries to learn more about error boundaries. @ http://localhost:5173/node_modules/.vite/deps/react-dom_client.js?v=8966cdbb:6965
[  912296ms] ReferenceError: Terminal is not defined
    at RightPanel (http://localhost:5173/src/components/panel/RightPanel.tsx?t=1771463525272:44:38)
    at Object.react_stack_bottom_frame (http://localhost:5173/node_modules/.vite/deps/react-dom_client.js?v=8966cdbb:18509:20)
    at renderWithHooks (http://localhost:5173/node_modules/.vite/deps/react-dom_client.js?v=8966cdbb:5654:24)
    at updateFunctionComponent (http://localhost:5173/node_modules/.vite/deps/react-dom_client.js?v=8966cdbb:7475:21)
    at beginWork (http://localhost:5173/node_modules/.vite/deps/react-dom_client.js?v=8966cdbb:8525:20)
    at runWithFiberInDEV (http://localhost:5173/node_modules/.vite/deps/react-dom_client.js?v=8966cdbb:997:72)
    at performUnitOfWork (http://localhost:5173/node_modules/.vite/deps/react-dom_client.js?v=8966cdbb:12561:98)
    at workLoopSync (http://localhost:5173/node_modules/.vite/deps/react-dom_client.js?v=8966cdbb:12424:43)
    at renderRootSync (http://localhost:5173/node_modules/.vite/deps/react-dom_client.js?v=8966cdbb:12408:13)
    at performWorkOnRoot (http://localhost:5173/node_modules/.vite/deps/react-dom_client.js?v=8966cdbb:11827:37)
[  912296ms] [WARNING] %s

%s
 An error occurred in the <RightPanel> component. Consider adding an error boundary to your tree to customize error handling behavior.
Visit https://react.dev/link/error-boundaries to learn more about error boundaries. @ http://localhost:5173/node_modules/.vite/deps/react-dom_client.js?v=8966cdbb:6965
[  918119ms] ReferenceError: PanelConsole is not defined
    at RightPanel (http://localhost:5173/src/components/panel/RightPanel.tsx?t=1771463531096:105:136)
    at Object.react_stack_bottom_frame (http://localhost:5173/node_modules/.vite/deps/react-dom_client.js?v=8966cdbb:18509:20)
    at renderWithHooks (http://localhost:5173/node_modules/.vite/deps/react-dom_client.js?v=8966cdbb:5654:24)
    at updateFunctionComponent (http://localhost:5173/node_modules/.vite/deps/react-dom_client.js?v=8966cdbb:7475:21)
    at beginWork (http://localhost:5173/node_modules/.vite/deps/react-dom_client.js?v=8966cdbb:8525:20)
    at runWithFiberInDEV (http://localhost:5173/node_modules/.vite/deps/react-dom_client.js?v=8966cdbb:997:72)
    at performUnitOfWork (http://localhost:5173/node_modules/.vite/deps/react-dom_client.js?v=8966cdbb:12561:98)
    at workLoopSync (http://localhost:5173/node_modules/.vite/deps/react-dom_client.js?v=8966cdbb:12424:43)
    at renderRootSync (http://localhost:5173/node_modules/.vite/deps/react-dom_client.js?v=8966cdbb:12408:13)
    at performWorkOnRoot (http://localhost:5173/node_modules/.vite/deps/react-dom_client.js?v=8966cdbb:11827:37)
[  918118ms] [WARNING] %s

%s
 An error occurred in the <RightPanel> component. Consider adding an error boundary to your tree to customize error handling behavior.
Visit https://react.dev/link/error-boundaries to learn more about error boundaries. @ http://localhost:5173/node_modules/.vite/deps/react-dom_client.js?v=8966cdbb:6965
[  948748ms] [ERROR] Failed to load resource: the server responded with a status of 404 (Not Found) @ http://localhost:5173/src/components/panel/PanelConsole.tsx?t=1771463561772:0
[  948749ms] [ERROR] [vite] Failed to reload /src/components/panel/PanelConsole.tsx. This could be due to syntax errors or importing non-existent modules. (see errors above) @ http://localhost:5173/@vite/client:808
[ 1865595ms] [ERROR] Invalid hook call. Hooks can only be called inside of the body of a function component. This could happen for one of the following reasons:
1. You might have mismatching versions of React and the renderer (such as React DOM)
2. You might be breaking the Rules of Hooks
3. You might have more than one copy of React in the same app
See https://react.dev/link/invalid-hook-call for tips about how to debug and fix this problem. @ http://localhost:5173/node_modules/.vite/deps/chunk-RY7GF66K.js?v=6451e74c:391
[ 1865597ms] [ERROR] Invalid hook call. Hooks can only be called inside of the body of a function component. This could happen for one of the following reasons:
1. You might have mismatching versions of React and the renderer (such as React DOM)
2. You might be breaking the Rules of Hooks
3. You might have more than one copy of React in the same app
See https://react.dev/link/invalid-hook-call for tips about how to debug and fix this problem. @ http://localhost:5173/node_modules/.vite/deps/chunk-RY7GF66K.js?v=6451e74c:391
[ 1865598ms] TypeError: Cannot read properties of null (reading 'useRef')
    at exports.useRef (http://localhost:5173/node_modules/.vite/deps/chunk-RY7GF66K.js?v=6451e74c:956:35)
    at BrowserRouter (http://localhost:5173/node_modules/.vite/deps/react-router-dom.js?v=a4d8af29:10255:28)
    at Object.react_stack_bottom_frame (http://localhost:5173/node_modules/.vite/deps/react-dom_client.js?v=8966cdbb:18509:20)
    at renderWithHooks (http://localhost:5173/node_modules/.vite/deps/react-dom_client.js?v=8966cdbb:5654:24)
    at updateFunctionComponent (http://localhost:5173/node_modules/.vite/deps/react-dom_client.js?v=8966cdbb:7475:21)
    at beginWork (http://localhost:5173/node_modules/.vite/deps/react-dom_client.js?v=8966cdbb:8525:20)
    at runWithFiberInDEV (http://localhost:5173/node_modules/.vite/deps/react-dom_client.js?v=8966cdbb:997:72)
    at performUnitOfWork (http://localhost:5173/node_modules/.vite/deps/react-dom_client.js?v=8966cdbb:12561:98)
    at workLoopSync (http://localhost:5173/node_modules/.vite/deps/react-dom_client.js?v=8966cdbb:12424:43)
    at renderRootSync (http://localhost:5173/node_modules/.vite/deps/react-dom_client.js?v=8966cdbb:12408:13)
[ 1865598ms] [WARNING] %s

%s
 An error occurred in the <BrowserRouter> component. Consider adding an error boundary to your tree to customize error handling behavior.
Visit https://react.dev/link/error-boundaries to learn more about error boundaries. @ http://localhost:5173/node_modules/.vite/deps/react-dom_client.js?v=8966cdbb:6965
